<?xml version="1.0" encoding="UTF-8"?>
<robot generator="Robot 3.2.2 (Python 3.8.1 on darwin)" generated="20210114 19:22:31.260" rpa="false">
<suite id="s1" name="Tests" source="/Users/jegomez/Documents/projects/credits/vis-credits-robots/tests/clickoff/motors/webmobile/mco/tests.robot">
<test id="s1-t1" name="Card is correct for Motors MCO WebMobile">
<kw name="Open Browser" library="SeleniumLibrary">
<doc>Opens a new browser instance to the given ``url``.</doc>
<arguments>
<arg>${vip}</arg>
<arg>${browser}</arg>
</arguments>
<msg timestamp="20210114 19:22:31.481" level="INFO">Opening browser 'chrome' to base url 'https://carro.mercadolibre.com.co/MCO-598633795-se-vende-hermosa-camioneta-toyona-rush-full-equipo-_JM'.</msg>
<status status="PASS" starttime="20210114 19:22:31.480" endtime="20210114 19:22:37.234"></status>
</kw>
<kw name="Set Window Size" library="SeleniumLibrary">
<doc>Sets current windows size to given ``width`` and ``height``.</doc>
<arguments>
<arg>375</arg>
<arg>812</arg>
</arguments>
<status status="PASS" starttime="20210114 19:22:37.234" endtime="20210114 19:22:37.375"></status>
</kw>
<kw name="Set Selenium Speed" library="SeleniumLibrary">
<doc>Sets the delay that is waited after each Selenium command.</doc>
<arguments>
<arg>${delay}</arg>
</arguments>
<status status="PASS" starttime="20210114 19:22:37.375" endtime="20210114 19:22:37.376"></status>
</kw>
<kw name="Credits click off card should be present and has the right content" library="resources">
<kw name="Get Text" library="SeleniumLibrary">
<doc>Returns the text value of element identified by ``locator``.</doc>
<arguments>
<arg>xpath:/html/body/main/div/div[1]/div[2]/div[1]/section[2]/div/p</arg>
</arguments>
<assign>
<var>${title text}</var>
</assign>
<msg timestamp="20210114 19:22:37.432" level="INFO">${title text} = Simula tu crédito online
NUEVO</msg>
<status status="PASS" starttime="20210114 19:22:37.377" endtime="20210114 19:22:37.432"></status>
</kw>
<kw name="Get Line" library="String">
<doc>Returns the specified line from the given ``string``.</doc>
<arguments>
<arg>${title text}</arg>
<arg>0</arg>
</arguments>
<assign>
<var>${title}</var>
</assign>
<msg timestamp="20210114 19:22:37.433" level="INFO">${title} = Simula tu crédito online</msg>
<status status="PASS" starttime="20210114 19:22:37.432" endtime="20210114 19:22:37.433"></status>
</kw>
<kw name="Get Line" library="String">
<doc>Returns the specified line from the given ``string``.</doc>
<arguments>
<arg>${title text}</arg>
<arg>1</arg>
</arguments>
<assign>
<var>${badge}</var>
</assign>
<msg timestamp="20210114 19:22:37.433" level="INFO">${badge} = NUEVO</msg>
<status status="PASS" starttime="20210114 19:22:37.433" endtime="20210114 19:22:37.433"></status>
</kw>
<kw name="Should Be Equal" library="BuiltIn">
<doc>Fails if the given objects are unequal.</doc>
<arguments>
<arg>${title}</arg>
<arg>${card title text}</arg>
</arguments>
<status status="PASS" starttime="20210114 19:22:37.433" endtime="20210114 19:22:37.434"></status>
</kw>
<kw name="Should Be Equal" library="BuiltIn">
<doc>Fails if the given objects are unequal.</doc>
<arguments>
<arg>${badge}</arg>
<arg>${card badge title text}</arg>
</arguments>
<status status="PASS" starttime="20210114 19:22:37.434" endtime="20210114 19:22:37.434"></status>
</kw>
<kw name="Get Text" library="SeleniumLibrary">
<doc>Returns the text value of element identified by ``locator``.</doc>
<arguments>
<arg>xpath:/html/body/main/div/div[1]/div[2]/div[1]/section[2]/div/ul/li[1]</arg>
</arguments>
<assign>
<var>${bullet 0 text}</var>
</assign>
<msg timestamp="20210114 19:22:37.459" level="INFO">${bullet 0 text} = Eliges el monto a financiar y el número de cuotas.</msg>
<status status="PASS" starttime="20210114 19:22:37.434" endtime="20210114 19:22:37.459"></status>
</kw>
<kw name="Should Be Equal" library="BuiltIn">
<doc>Fails if the given objects are unequal.</doc>
<arguments>
<arg>${bullet 0 text}</arg>
<arg>${card bullet 0 text}</arg>
</arguments>
<status status="PASS" starttime="20210114 19:22:37.459" endtime="20210114 19:22:37.460"></status>
</kw>
<kw name="Get Text" library="SeleniumLibrary">
<doc>Returns the text value of element identified by ``locator``.</doc>
<arguments>
<arg>xpath:/html/body/main/div/div[1]/div[2]/div[1]/section[2]/div/ul/li[2]</arg>
</arguments>
<assign>
<var>${bullet 1 text}</var>
</assign>
<msg timestamp="20210114 19:22:37.478" level="INFO">${bullet 1 text} = Completas tus datos personales.</msg>
<status status="PASS" starttime="20210114 19:22:37.460" endtime="20210114 19:22:37.478"></status>
</kw>
<kw name="Should Be Equal" library="BuiltIn">
<doc>Fails if the given objects are unequal.</doc>
<arguments>
<arg>${bullet 1 text}</arg>
<arg>${card bullet 1 text}</arg>
</arguments>
<status status="PASS" starttime="20210114 19:22:37.478" endtime="20210114 19:22:37.478"></status>
</kw>
<kw name="Get Text" library="SeleniumLibrary">
<doc>Returns the text value of element identified by ``locator``.</doc>
<arguments>
<arg>xpath:/html/body/main/div/div[1]/div[2]/div[1]/section[2]/div/ul/li[3]</arg>
</arguments>
<assign>
<var>${bullet 2 text}</var>
</assign>
<msg timestamp="20210114 19:22:37.497" level="INFO">${bullet 2 text} = Recibes un contacto del banco para otorgarte el crédito.</msg>
<status status="PASS" starttime="20210114 19:22:37.478" endtime="20210114 19:22:37.497"></status>
</kw>
<kw name="Should Be Equal" library="BuiltIn">
<doc>Fails if the given objects are unequal.</doc>
<arguments>
<arg>${bullet 2 text}</arg>
<arg>${card bullet 2 text}</arg>
</arguments>
<status status="PASS" starttime="20210114 19:22:37.497" endtime="20210114 19:22:37.497"></status>
</kw>
<kw name="Get Text" library="SeleniumLibrary">
<doc>Returns the text value of element identified by ``locator``.</doc>
<arguments>
<arg>xpath://*[@id="classi-credits-vip-section"]/div/div/div[1]</arg>
</arguments>
<assign>
<var>${subtitle text}</var>
</assign>
<msg timestamp="20210114 19:22:37.515" level="INFO">${subtitle text} = Trabajamos con</msg>
<status status="PASS" starttime="20210114 19:22:37.497" endtime="20210114 19:22:37.515"></status>
</kw>
<kw name="Should Be Equal" library="BuiltIn">
<doc>Fails if the given objects are unequal.</doc>
<arguments>
<arg>${subtitle text}</arg>
<arg>${card subtitle text}</arg>
</arguments>
<status status="PASS" starttime="20210114 19:22:37.515" endtime="20210114 19:22:37.515"></status>
</kw>
<kw name="Element Attribute Value Should Be" library="SeleniumLibrary">
<doc>Verifies element identified by ``locator`` contains expected attribute value.</doc>
<arguments>
<arg>xpath:/html/body/main/div/div[1]/div[2]/div[1]/section[2]/div/div/div[2]/img</arg>
<arg>src</arg>
<arg>${card bank logo}</arg>
</arguments>
<msg timestamp="20210114 19:22:37.551" level="INFO">Element 'xpath:/html/body/main/div/div[1]/div[2]/div[1]/section[2]/div/div/div[2]/img' attribute 'src' contains value 'https://mobile.mercadolibre.com/remote_resources/image/logo-mlbsantander-vip-card'.</msg>
<status status="PASS" starttime="20210114 19:22:37.515" endtime="20210114 19:22:37.551"></status>
</kw>
<kw name="Get Text" library="SeleniumLibrary">
<doc>Returns the text value of element identified by ``locator``.</doc>
<arguments>
<arg>xpath:/html/body/main/div/div[1]/div[2]/div[1]/section[2]/div/a</arg>
</arguments>
<assign>
<var>${button text}</var>
</assign>
<msg timestamp="20210114 19:22:37.569" level="INFO">${button text} = Simular crédito</msg>
<status status="PASS" starttime="20210114 19:22:37.551" endtime="20210114 19:22:37.569"></status>
</kw>
<kw name="Should Be Equal" library="BuiltIn">
<doc>Fails if the given objects are unequal.</doc>
<arguments>
<arg>${button text}</arg>
<arg>${card button text}</arg>
</arguments>
<status status="PASS" starttime="20210114 19:22:37.569" endtime="20210114 19:22:37.569"></status>
</kw>
<kw name="Element Attribute Value Should Be" library="SeleniumLibrary">
<doc>Verifies element identified by ``locator`` contains expected attribute value.</doc>
<arguments>
<arg>xpath:/html/body/main/div/div[1]/div[2]/div[1]/section[2]/div/a</arg>
<arg>href</arg>
<arg>${card button link}</arg>
</arguments>
<msg timestamp="20210114 19:22:37.592" level="INFO">Element 'xpath:/html/body/main/div/div[1]/div[2]/div[1]/section[2]/div/a' attribute 'href' contains value 'https://tucarro.santanderconsumer.co/landing/?idvehiculo=MCO598633795&amp;fuente=enriquecido'.</msg>
<status status="PASS" starttime="20210114 19:22:37.569" endtime="20210114 19:22:37.592"></status>
</kw>
<kw name="Element Attribute Value Should Be" library="SeleniumLibrary">
<doc>Verifies element identified by ``locator`` contains expected attribute value.</doc>
<arguments>
<arg>xpath:/html/body/main/div/div[1]/div[2]/div[1]/section[2]/div/a</arg>
<arg>target</arg>
<arg>${card button target}</arg>
</arguments>
<msg timestamp="20210114 19:22:37.603" level="INFO">Element 'xpath:/html/body/main/div/div[1]/div[2]/div[1]/section[2]/div/a' attribute 'target' contains value '_blank'.</msg>
<status status="PASS" starttime="20210114 19:22:37.592" endtime="20210114 19:22:37.603"></status>
</kw>
<status status="PASS" starttime="20210114 19:22:37.376" endtime="20210114 19:22:37.604"></status>
</kw>
<kw name="Close Browser" library="SeleniumLibrary" type="teardown">
<doc>Closes the current browser.</doc>
<status status="PASS" starttime="20210114 19:22:37.604" endtime="20210114 19:22:37.693"></status>
</kw>
<doc>Card is correct for Motors MCO WebMobile</doc>
<tags>
<tag>Smoke</tag>
</tags>
<status status="PASS" starttime="20210114 19:22:31.479" endtime="20210114 19:22:37.693" critical="yes"></status>
</test>
<doc>Click off workflow tests</doc>
<status status="PASS" starttime="20210114 19:22:31.261" endtime="20210114 19:22:37.694"></status>
</suite>
<statistics>
<total>
<stat pass="1" fail="0">Critical Tests</stat>
<stat pass="1" fail="0">All Tests</stat>
</total>
<tag>
<stat pass="1" fail="0">Smoke</stat>
</tag>
<suite>
<stat pass="1" fail="0" id="s1" name="Tests">Tests</stat>
</suite>
</statistics>
<errors>
</errors>
</robot>
